<?xml version="1.0" encoding="UTF-8"?>
<!-- Generated by org.testng.reporters.JUnitReportReporter -->
<testsuite hostname="Teja-PC" name="WebDriver.WebDriverWithTestng" tests="1" failures="0" timestamp="20 Jan 2019 17:48:06 GMT" time="5.821" errors="0">
  <testcase name="login" time="5.821" classname="WebDriver.WebDriverWithTestng"/>
</testsuite> <!-- WebDriver.WebDriverWithTestng -->
